<?xml version="1.0" encoding="UTF-8"?>
<!-- Generated by org.testng.reporters.JUnitXMLReporter -->
<testsuite hostname="DEL1-LHP-N00608" name="Default test" tests="1" failures="0" timestamp="16 Oct 2017 10:45:21 GMT" time="0.547" errors="0">
  <testcase name="@BeforeClass setUpClass" time="0.0" classname="appCucumberRunner.DCWebRunner">
    <failure type="cucumber.runtime.DuplicateStepDefinitionException" message="Duplicate step definitions in appCucumberStepsDefinations.DCMaintenanceFea_Step.DCLogin2() in file:/D:/Hit_Worksapce2/iii-dc-framework_V1/target/test-classes/ and appCucumberStepsDefinations.DCBalancingFea_Step.DCBalancingTest3() in file:/D:/Hit_Worksapce2/iii-dc-framework_V1/target/test-classes/">
      <![CDATA[cucumber.runtime.DuplicateStepDefinitionException: Duplicate step definitions in appCucumberStepsDefinations.DCMaintenanceFea_Step.DCLogin2() in file:/D:/Hit_Worksapce2/iii-dc-framework_V1/target/test-classes/ and appCucumberStepsDefinations.DCBalancingFea_Step.DCBalancingTest3() in file:/D:/Hit_Worksapce2/iii-dc-framework_V1/target/test-classes/
	at cucumber.runtime.RuntimeGlue.addStepDefinition(RuntimeGlue.java:33)
	at cucumber.runtime.java.JavaBackend.addStepDefinition(JavaBackend.java:151)
	at cucumber.runtime.java.MethodScanner.scan(MethodScanner.java:68)
	at cucumber.runtime.java.MethodScanner.scan(MethodScanner.java:41)
	at cucumber.runtime.java.JavaBackend.loadGlue(JavaBackend.java:86)
	at cucumber.runtime.Runtime.<init>(Runtime.java:91)
	at cucumber.runtime.Runtime.<init>(Runtime.java:69)
	at cucumber.runtime.Runtime.<init>(Runtime.java:65)
	at cucumber.api.testng.TestNGCucumberRunner.<init>(TestNGCucumberRunner.java:42)
	at cucumber.api.testng.AbstractTestNGCucumberTests.setUpClass(AbstractTestNGCucumberTests.java:16)
	at sun.reflect.NativeMethodAccessorImpl.invoke0(Native Method)
	at sun.reflect.NativeMethodAccessorImpl.invoke(Unknown Source)
	at sun.reflect.DelegatingMethodAccessorImpl.invoke(Unknown Source)
	at java.lang.reflect.Method.invoke(Unknown Source)
	at org.testng.internal.MethodInvocationHelper.invokeMethod(MethodInvocationHelper.java:80)
	at org.testng.internal.Invoker.invokeConfigurationMethod(Invoker.java:564)
	at org.testng.internal.Invoker.invokeConfigurations(Invoker.java:213)
	at org.testng.internal.Invoker.invokeConfigurations(Invoker.java:138)
	at org.testng.internal.TestMethodWorker.invokeBeforeClassMethods(TestMethodWorker.java:175)
	at org.testng.internal.TestMethodWorker.run(TestMethodWorker.java:107)
	at org.testng.TestRunner.privateRun(TestRunner.java:767)
	at org.testng.TestRunner.run(TestRunner.java:617)
	at org.testng.SuiteRunner.runTest(SuiteRunner.java:334)
	at org.testng.SuiteRunner.runSequentially(SuiteRunner.java:329)
	at org.testng.SuiteRunner.privateRun(SuiteRunner.java:291)
	at org.testng.SuiteRunner.run(SuiteRunner.java:240)
	at org.testng.SuiteRunnerWorker.runSuite(SuiteRunnerWorker.java:52)
	at org.testng.SuiteRunnerWorker.run(SuiteRunnerWorker.java:86)
	at org.testng.TestNG.runSuitesSequentially(TestNG.java:1198)
	at org.testng.TestNG.runSuitesLocally(TestNG.java:1123)
	at org.testng.TestNG.run(TestNG.java:1031)
	at org.testng.remote.AbstractRemoteTestNG.run(AbstractRemoteTestNG.java:132)
	at org.testng.remote.RemoteTestNG.initAndRun(RemoteTestNG.java:230)
	at org.testng.remote.RemoteTestNG.main(RemoteTestNG.java:76)
]]>
    </failure>
  </testcase> <!-- @BeforeClass setUpClass -->
  <testcase name="@AfterClass tearDownClass" time="0.0" classname="appCucumberRunner.DCWebRunner">
    <skipped/>
  </testcase> <!-- @AfterClass tearDownClass -->
  <testcase name="@AfterTest tearDown" time="0.0" classname="appCucumberRunner.DCWebRunner">
    <skipped/>
  </testcase> <!-- @AfterTest tearDown -->
  <testcase name="feature" time="0.003" classname="appCucumberRunner.DCWebRunner">
    <skipped/>
  </testcase> <!-- feature -->
</testsuite> <!-- Default test -->
