<?xml version="1.0" encoding="UTF-8"?>
<!-- Generated by org.testng.reporters.JUnitXMLReporter -->
<testsuite hostname="DEL1-LHP-N00608" name="Test" tests="2" failures="1" timestamp="3 Nov 2017 09:16:28 GMT" time="21.759" errors="0">
  <testcase name="feature" time="15.961" classname="appCucumberRunner.DCAllRunner"/>
  <testcase name="feature" time="5.342" classname="appCucumberRunner.DCAllRunner">
    <failure type="cucumber.runtime.CucumberException" message="java.lang.AssertionError: utniennndd expected [true] but found [false]">
      <![CDATA[cucumber.runtime.CucumberException: java.lang.AssertionError: utniennndd expected [true] but found [false]
	at cucumber.api.testng.TestNGCucumberRunner.runCucumber(TestNGCucumberRunner.java:69)
	at cucumber.api.testng.AbstractTestNGCucumberTests.feature(AbstractTestNGCucumberTests.java:21)
	at comTestRunner.MainRunner.main(MainRunner.java:33)
Caused by: java.lang.AssertionError: utniennndd expected [true] but found [false]
	at app.web.ui.pages.DCLoginPage.verifyTextONLogin(DCLoginPage.java:70)
	at appCucumberStepsDefinations.DCMaintenanceFea_Step.Logout1(DCMaintenanceFea_Step.java:49)
	at âœ½.Then Weeding User has verified(Maintenance/DCMaintenance_CleanupMissingItems.feature:6)
... Removed 24 stack frames]]>
    </failure>
  </testcase> <!-- feature -->
</testsuite> <!-- Test -->
